TN:
SF:src/auth/authorizer.ts
FN:9,(anonymous_0)
FNF:1
FNH:0
FNDA:0,(anonymous_0)
DA:7,0
DA:9,0
DA:14,0
DA:16,0
DA:17,0
DA:18,0
DA:19,0
DA:22,0
LF:8
LH:0
BRDA:16,0,0,0
BRDA:16,0,1,0
BRDA:18,1,0,0
BRF:3
BRH:0
end_of_record
TN:
SF:src/schemas/common.ts
FNF:0
FNH:0
DA:1,0
DA:3,0
DA:9,0
LF:3
LH:0
BRF:0
BRH:0
end_of_record
TN:
SF:src/schemas/createTodoSchema.ts
FNF:0
FNH:0
DA:1,0
DA:2,0
DA:4,0
DA:11,0
LF:4
LH:0
BRF:0
BRH:0
end_of_record
TN:
SF:src/schemas/index.ts
FNF:0
FNH:0
DA:1,0
DA:2,0
DA:3,0
DA:6,0
DA:7,0
DA:8,0
LF:6
LH:0
BRF:0
BRH:0
end_of_record
TN:
SF:src/schemas/updateTodoSchema.ts
FNF:0
FNH:0
DA:1,0
DA:2,0
DA:4,0
DA:10,0
LF:4
LH:0
BRF:0
BRH:0
end_of_record
TN:
SF:src/todo/createTodo.ts
FN:13,(anonymous_0)
FNF:1
FNH:1
FNDA:4,(anonymous_0)
DA:7,1
DA:8,1
DA:9,1
DA:10,1
DA:13,1
DA:17,4
DA:19,4
DA:20,1
DA:27,3
DA:31,3
DA:33,3
DA:34,3
DA:35,3
DA:36,1
DA:45,2
DA:47,2
DA:48,2
DA:50,1
DA:51,1
DA:58,3
DA:59,3
DA:62,1
LF:22
LH:22
BRDA:19,0,0,1
BRDA:35,1,0,1
BRF:2
BRH:2
end_of_record
TN:
SF:src/todo/deleteTodo.ts
FN:11,(anonymous_0)
FNF:1
FNH:1
FNDA:3,(anonymous_0)
DA:7,1
DA:8,1
DA:9,1
DA:11,1
DA:15,3
DA:17,3
DA:18,1
DA:26,2
DA:28,2
DA:30,2
DA:32,2
DA:36,2
DA:37,2
DA:38,2
DA:40,1
DA:41,1
DA:48,2
DA:49,2
DA:52,1
LF:19
LH:19
BRDA:17,0,0,1
BRF:1
BRH:1
end_of_record
TN:
SF:src/todo/getTodo.ts
FN:11,(anonymous_0)
FNF:1
FNH:1
FNDA:3,(anonymous_0)
DA:7,1
DA:8,1
DA:9,1
DA:11,1
DA:15,3
DA:16,1
DA:24,2
DA:26,2
DA:28,2
DA:30,2
DA:34,2
DA:35,2
DA:36,2
DA:38,1
DA:39,1
DA:46,2
DA:47,2
DA:50,1
LF:18
LH:18
BRDA:15,0,0,1
BRF:1
BRH:1
end_of_record
TN:
SF:src/todo/getTodos.ts
FN:13,(anonymous_0)
FNF:1
FNH:1
FNDA:2,(anonymous_0)
DA:7,5
DA:8,5
DA:10,5
DA:13,5
DA:17,2
DA:19,2
DA:23,2
DA:24,2
DA:25,2
DA:27,1
DA:28,1
DA:35,2
DA:36,2
DA:39,1
LF:14
LH:14
BRF:0
BRH:0
end_of_record
TN:
SF:src/todo/updateTodo.ts
FN:12,(anonymous_0)
FNF:1
FNH:1
FNDA:4,(anonymous_0)
DA:7,1
DA:8,1
DA:9,1
DA:10,1
DA:12,1
DA:16,4
DA:17,1
DA:25,3
DA:28,3
DA:30,3
DA:31,3
DA:32,3
DA:36,3
DA:37,1
DA:46,2
DA:48,2
DA:50,2
DA:51,2
DA:53,1
DA:54,1
DA:61,3
DA:62,3
DA:65,1
LF:23
LH:23
BRDA:16,0,0,1
BRDA:16,1,0,4
BRDA:16,1,1,3
BRDA:36,2,0,1
BRF:4
BRH:4
end_of_record
TN:
SF:src/utils/db.ts
FN:4,(anonymous_0)
FN:20,(anonymous_1)
FN:21,(anonymous_2)
FN:22,(anonymous_3)
FNF:4
FNH:0
FNDA:0,(anonymous_0)
FNDA:0,(anonymous_1)
FNDA:0,(anonymous_2)
FNDA:0,(anonymous_3)
DA:1,0
DA:2,0
DA:4,0
DA:5,0
DA:6,0
DA:7,0
DA:10,0
DA:12,0
DA:20,0
DA:21,0
DA:22,0
DA:23,0
DA:25,0
LF:13
LH:0
BRDA:6,0,0,0
BRF:1
BRH:0
end_of_record
TN:
SF:src/utils/generateIAMPolicy.ts
FN:3,(anonymous_0)
FNF:1
FNH:1
FNDA:1,(anonymous_0)
DA:3,1
DA:4,1
DA:14,1
LF:3
LH:3
BRF:0
BRH:0
end_of_record
TN:
SF:src/utils/query.ts
FNF:0
FNH:0
DA:1,5
LF:1
LH:1
BRF:0
BRH:0
end_of_record
TN:
SF:src/utils/secret-management.ts
FN:6,(anonymous_0)
FNF:1
FNH:0
FNDA:0,(anonymous_0)
DA:1,0
DA:6,0
DA:7,0
DA:13,0
DA:14,0
DA:20,0
DA:23,0
DA:26,0
LF:8
LH:0
BRF:0
BRH:0
end_of_record
TN:
SF:src/utils/testData.ts
FNF:0
FNH:0
DA:3,5
DA:5,5
LF:2
LH:2
BRF:0
BRH:0
end_of_record
